# JRE version: OpenJDK Runtime Environment (8.0_265-b01) (build 1.8.0_265-b01)
# Java VM: OpenJDK 64-Bit Server VM (25.265-b01 mixed mode linux-amd64 compressed oops)
Heap:
 PSYoungGen      total 953344K, used 203058K [0x000000076ab00000, 0x00000007c0000000, 0x00000007c0000000)
  eden space 795648K, 25% used [0x000000076ab00000,0x000000077714cb00,0x000000079b400000)
  from space 157696K, 0% used [0x00000007b5400000,0x00000007b5400000,0x00000007bee00000)
  to   space 301056K, 0% used [0x000000079b400000,0x000000079b400000,0x00000007ada00000)
 ParOldGen       total 1206272K, used 1206092K [0x00000006c0000000, 0x0000000709a00000, 0x000000076ab00000)
  object space 1206272K, 99% used [0x00000006c0000000,0x00000007099d3390,0x0000000709a00000)
 Metaspace       used 168787K, capacity 175918K, committed 176280K, reserved 1204224K
  class space    used 20808K, capacity 22141K, committed 22192K, reserved 1048576K
GC Heap History (10 events):
Event: 21054.366 GC heap before
{Heap before GC invocations=112 (full 58):
 PSYoungGen      total 953344K, used 157684K [0x000000076ab00000, 0x00000007c0000000, 0x00000007c0000000)
  eden space 795648K, 0% used [0x000000076ab00000,0x000000076ab00000,0x000000079b400000)
  from space 157696K, 99% used [0x00000007b5400000,0x00000007bedfd3b0,0x00000007bee00000)
  to   space 301056K, 0% used [0x000000079b400000,0x000000079b400000,0x00000007ada00000)
 ParOldGen       total 1206272K, used 985266K [0x00000006c0000000, 0x0000000709a00000, 0x000000076ab00000)
  object space 1206272K, 81% used [0x00000006c0000000,0x00000006fc22c830,0x0000000709a00000)
 Metaspace       used 160120K, capacity 166944K, committed 167320K, reserved 1196032K
  class space    used 19627K, capacity 20893K, committed 20912K, reserved 1048576K
Event: 21056.635 GC heap after
Heap after GC invocations=112 (full 58):
 PSYoungGen      total 953344K, used 0K [0x000000076ab00000, 0x00000007c0000000, 0x00000007c0000000)
  eden space 795648K, 0% used [0x000000076ab00000,0x000000076ab00000,0x000000079b400000)
  from space 157696K, 0% used [0x00000007b5400000,0x00000007b5400000,0x00000007bee00000)
  to   space 301056K, 0% used [0x000000079b400000,0x000000079b400000,0x00000007ada00000)
 ParOldGen       total 1206272K, used 1138533K [0x00000006c0000000, 0x0000000709a00000, 0x000000076ab00000)
  object space 1206272K, 94% used [0x00000006c0000000,0x00000007057d9430,0x0000000709a00000)
 Metaspace       used 160120K, capacity 166944K, committed 167320K, reserved 1196032K
  class space    used 19627K, capacity 20893K, committed 20912K, reserved 1048576K
}
Event: 21278.313 GC heap before
{Heap before GC invocations=113 (full 59):
 PSYoungGen      total 953344K, used 708231K [0x000000076ab00000, 0x00000007c0000000, 0x00000007c0000000)
  eden space 795648K, 89% used [0x000000076ab00000,0x0000000795ea1c80,0x000000079b400000)
  from space 157696K, 0% used [0x00000007b5400000,0x00000007b5400000,0x00000007bee00000)
  to   space 301056K, 0% used [0x000000079b400000,0x000000079b400000,0x00000007ada00000)
 ParOldGen       total 1206272K, used 1138533K [0x00000006c0000000, 0x0000000709a00000, 0x000000076ab00000)
  object space 1206272K, 94% used [0x00000006c0000000,0x00000007057d9430,0x0000000709a00000)
 Metaspace       used 164298K, capacity 171246K, committed 171544K, reserved 1200128K
  class space    used 20196K, capacity 21486K, committed 21552K, reserved 1048576K
Event: 21280.988 GC heap after
Heap after GC invocations=113 (full 59):
 PSYoungGen      total 953344K, used 13611K [0x000000076ab00000, 0x00000007c0000000, 0x00000007c0000000)
  eden space 795648K, 1% used [0x000000076ab00000,0x000000076b84adb0,0x000000079b400000)
  from space 157696K, 0% used [0x00000007b5400000,0x00000007b5400000,0x00000007bee00000)
  to   space 301056K, 0% used [0x000000079b400000,0x000000079b400000,0x00000007ada00000)
 ParOldGen       total 1206272K, used 1206226K [0x00000006c0000000, 0x0000000709a00000, 0x000000076ab00000)
  object space 1206272K, 99% used [0x00000006c0000000,0x00000007099f4850,0x0000000709a00000)
 Metaspace       used 164298K, capacity 171246K, committed 171544K, reserved 1200128K
  class space    used 20196K, capacity 21486K, committed 21552K, reserved 1048576K
}
Event: 21388.543 GC heap before
{Heap before GC invocations=114 (full 60):
 PSYoungGen      total 953344K, used 719662K [0x000000076ab00000, 0x00000007c0000000, 0x00000007c0000000)
  eden space 795648K, 90% used [0x000000076ab00000,0x00000007969cb9d8,0x000000079b400000)
  from space 157696K, 0% used [0x00000007b5400000,0x00000007b5400000,0x00000007bee00000)
  to   space 301056K, 0% used [0x000000079b400000,0x000000079b400000,0x00000007ada00000)
 ParOldGen       total 1206272K, used 1206226K [0x00000006c0000000, 0x0000000709a00000, 0x000000076ab00000)
  object space 1206272K, 99% used [0x00000006c0000000,0x00000007099f4850,0x0000000709a00000)
 Metaspace       used 168468K, capacity 175460K, committed 176024K, reserved 1204224K
  class space    used 20763K, capacity 22075K, committed 22192K, reserved 1048576K
Event: 21390.275 GC heap after
Heap after GC invocations=114 (full 60):
 PSYoungGen      total 953344K, used 85560K [0x000000076ab00000, 0x00000007c0000000, 0x00000007c0000000)
  eden space 795648K, 10% used [0x000000076ab00000,0x000000076fe8e138,0x000000079b400000)
  from space 157696K, 0% used [0x00000007b5400000,0x00000007b5400000,0x00000007bee00000)
  to   space 301056K, 0% used [0x000000079b400000,0x000000079b400000,0x00000007ada00000)
 ParOldGen       total 1206272K, used 1206223K [0x00000006c0000000, 0x0000000709a00000, 0x000000076ab00000)
  object space 1206272K, 99% used [0x00000006c0000000,0x00000007099f3c58,0x0000000709a00000)
 Metaspace       used 168468K, capacity 175460K, committed 176024K, reserved 1204224K
  class space    used 20763K, capacity 22075K, committed 22192K, reserved 1048576K
}
Event: 21451.442 GC heap before
{Heap before GC invocations=115 (full 61):
 PSYoungGen      total 953344K, used 253335K [0x000000076ab00000, 0x00000007c0000000, 0x00000007c0000000)
  eden space 795648K, 31% used [0x000000076ab00000,0x000000077a265f28,0x000000079b400000)
  from space 157696K, 0% used [0x00000007b5400000,0x00000007b5400000,0x00000007bee00000)
  to   space 301056K, 0% used [0x000000079b400000,0x000000079b400000,0x00000007ada00000)
 ParOldGen       total 1206272K, used 1206223K [0x00000006c0000000, 0x0000000709a00000, 0x000000076ab00000)
  object space 1206272K, 99% used [0x00000006c0000000,0x00000007099f3c58,0x0000000709a00000)
 Metaspace       used 168503K, capacity 175530K, committed 176024K, reserved 1204224K
  class space    used 20764K, capacity 22077K, committed 22192K, reserved 1048576K
Event: 21453.279 GC heap after
Heap after GC invocations=115 (full 61):
 PSYoungGen      total 953344K, used 77074K [0x000000076ab00000, 0x00000007c0000000, 0x00000007c0000000)
  eden space 795648K, 9% used [0x000000076ab00000,0x000000076f644800,0x000000079b400000)
  from space 157696K, 0% used [0x00000007b5400000,0x00000007b5400000,0x00000007bee00000)
  to   space 301056K, 0% used [0x000000079b400000,0x000000079b400000,0x00000007ada00000)
 ParOldGen       total 1206272K, used 1206112K [0x00000006c0000000, 0x0000000709a00000, 0x000000076ab00000)
  object space 1206272K, 99% used [0x00000006c0000000,0x00000007099d82f0,0x0000000709a00000)
 Metaspace       used 168499K, capacity 175524K, committed 176024K, reserved 1204224K
  class space    used 20763K, capacity 22075K, committed 22192K, reserved 1048576K
}
Event: 23237.726 GC heap before
{Heap before GC invocations=116 (full 62):
 PSYoungGen      total 953344K, used 285195K [0x000000076ab00000, 0x00000007c0000000, 0x00000007c0000000)
  eden space 795648K, 35% used [0x000000076ab00000,0x000000077c182e38,0x000000079b400000)
  from space 157696K, 0% used [0x00000007b5400000,0x00000007b5400000,0x00000007bee00000)
  to   space 301056K, 0% used [0x000000079b400000,0x000000079b400000,0x00000007ada00000)
 ParOldGen       total 1206272K, used 1206112K [0x00000006c0000000, 0x0000000709a00000, 0x000000076ab00000)
  object space 1206272K, 99% used [0x00000006c0000000,0x00000007099d82f0,0x0000000709a00000)
 Metaspace       used 168685K, capacity 175886K, committed 176280K, reserved 1204224K
  class space    used 20785K, capacity 22131K, committed 22192K, reserved 1048576K
Event: 23239.449 GC heap after
Heap after GC invocations=116 (full 62):
 PSYoungGen      total 953344K, used 78043K [0x000000076ab00000, 0x00000007c0000000, 0x00000007c0000000)
  eden space 795648K, 9% used [0x000000076ab00000,0x000000076f736dd0,0x000000079b400000)
  from space 157696K, 0% used [0x00000007b5400000,0x00000007b5400000,0x00000007bee00000)
  to   space 301056K, 0% used [0x000000079b400000,0x000000079b400000,0x00000007ada00000)
 ParOldGen       total 1206272K, used 1206092K [0x00000006c0000000, 0x0000000709a00000, 0x000000076ab00000)
  object space 1206272K, 99% used [0x00000006c0000000,0x00000007099d3390,0x0000000709a00000)
 Metaspace       used 168658K, capacity 175798K, committed 176280K, reserved 1204224K
  class space    used 20779K, capacity 22123K, committed 22192K, reserved 1048576K
}

