# JRE version: OpenJDK Runtime Environment (8.0_222-b10) (build 1.8.0_222-b10)
# Java VM: OpenJDK 64-Bit Server VM (25.222-b10 mixed mode windows-amd64 compressed oops)
Heap:
 PSYoungGen      total 261632K, used 161559K [0x0000000780000000, 0x0000000793d80000, 0x00000007c0000000)
  eden space 206848K, 78% used [0x0000000780000000,0x0000000789dc5ec8,0x000000078ca00000)
  from space 54784K, 0% used [0x0000000790800000,0x0000000790800000,0x0000000793d80000)
  to   space 8192K, 0% used [0x000000078ca00000,0x000000078ca00000,0x000000078d200000)
 ParOldGen       total 272384K, used 272323K [0x0000000700000000, 0x0000000710a00000, 0x0000000780000000)
  object space 272384K, 99% used [0x0000000700000000,0x00000007109f0d28,0x0000000710a00000)
 Metaspace       used 9697K, capacity 10176K, committed 10368K, reserved 1058816K
  class space    used 930K, capacity 1060K, committed 1152K, reserved 1048576K
GC Heap History (10 events):
Event: 11.078 GC heap before
{Heap before GC invocations=15 (full 1):
 PSYoungGen      total 215040K, used 210386K [0x0000000780000000, 0x000000078da00000, 0x00000007c0000000)
  eden space 206848K, 100% used [0x0000000780000000,0x000000078ca00000,0x000000078ca00000)
  from space 8192K, 43% used [0x000000078ca00000,0x000000078cd74b60,0x000000078d200000)
  to   space 8192K, 0% used [0x000000078d200000,0x000000078d200000,0x000000078da00000)
 ParOldGen       total 272384K, used 153008K [0x0000000700000000, 0x0000000710a00000, 0x0000000780000000)
  object space 272384K, 56% used [0x0000000700000000,0x000000070956c038,0x0000000710a00000)
 Metaspace       used 9679K, capacity 10164K, committed 10368K, reserved 1058816K
  class space    used 930K, capacity 1060K, committed 1152K, reserved 1048576K
Event: 11.088 GC heap after
Heap after GC invocations=15 (full 1):
 PSYoungGen      total 215040K, used 7712K [0x0000000780000000, 0x000000078da00000, 0x00000007c0000000)
  eden space 206848K, 0% used [0x0000000780000000,0x0000000780000000,0x000000078ca00000)
  from space 8192K, 94% used [0x000000078d200000,0x000000078d9882a8,0x000000078da00000)
  to   space 8192K, 0% used [0x000000078ca00000,0x000000078ca00000,0x000000078d200000)
 ParOldGen       total 272384K, used 153008K [0x0000000700000000, 0x0000000710a00000, 0x0000000780000000)
  object space 272384K, 56% used [0x0000000700000000,0x000000070956c038,0x0000000710a00000)
 Metaspace       used 9679K, capacity 10164K, committed 10368K, reserved 1058816K
  class space    used 930K, capacity 1060K, committed 1152K, reserved 1048576K
}
Event: 11.967 GC heap before
{Heap before GC invocations=16 (full 1):
 PSYoungGen      total 215040K, used 214560K [0x0000000780000000, 0x000000078da00000, 0x00000007c0000000)
  eden space 206848K, 100% used [0x0000000780000000,0x000000078ca00000,0x000000078ca00000)
  from space 8192K, 94% used [0x000000078d200000,0x000000078d9882a8,0x000000078da00000)
  to   space 8192K, 0% used [0x000000078ca00000,0x000000078ca00000,0x000000078d200000)
 ParOldGen       total 272384K, used 153008K [0x0000000700000000, 0x0000000710a00000, 0x0000000780000000)
  object space 272384K, 56% used [0x0000000700000000,0x000000070956c038,0x0000000710a00000)
 Metaspace       used 9697K, capacity 10176K, committed 10368K, reserved 1058816K
  class space    used 930K, capacity 1060K, committed 1152K, reserved 1048576K
Event: 11.974 GC heap after
Heap after GC invocations=16 (full 1):
 PSYoungGen      total 215040K, used 6282K [0x0000000780000000, 0x0000000793d80000, 0x00000007c0000000)
  eden space 206848K, 0% used [0x0000000780000000,0x0000000780000000,0x000000078ca00000)
  from space 8192K, 76% used [0x000000078ca00000,0x000000078d022ac8,0x000000078d200000)
  to   space 54784K, 0% used [0x0000000790800000,0x0000000790800000,0x0000000793d80000)
 ParOldGen       total 272384K, used 153008K [0x0000000700000000, 0x0000000710a00000, 0x0000000780000000)
  object space 272384K, 56% used [0x0000000700000000,0x000000070956c038,0x0000000710a00000)
 Metaspace       used 9697K, capacity 10176K, committed 10368K, reserved 1058816K
  class space    used 930K, capacity 1060K, committed 1152K, reserved 1048576K
}
Event: 12.072 GC heap before
{Heap before GC invocations=17 (full 1):
 PSYoungGen      total 215040K, used 213130K [0x0000000780000000, 0x0000000793d80000, 0x00000007c0000000)
  eden space 206848K, 100% used [0x0000000780000000,0x000000078ca00000,0x000000078ca00000)
  from space 8192K, 76% used [0x000000078ca00000,0x000000078d022ac8,0x000000078d200000)
  to   space 54784K, 0% used [0x0000000790800000,0x0000000790800000,0x0000000793d80000)
 ParOldGen       total 272384K, used 153008K [0x0000000700000000, 0x0000000710a00000, 0x0000000780000000)
  object space 272384K, 56% used [0x0000000700000000,0x000000070956c038,0x0000000710a00000)
 Metaspace       used 9697K, capacity 10176K, committed 10368K, reserved 1058816K
  class space    used 930K, capacity 1060K, committed 1152K, reserved 1048576K
Event: 12.135 GC heap after
Heap after GC invocations=17 (full 1):
 PSYoungGen      total 261632K, used 54758K [0x0000000780000000, 0x0000000793d80000, 0x00000007c0000000)
  eden space 206848K, 0% used [0x0000000780000000,0x0000000780000000,0x000000078ca00000)
  from space 54784K, 99% used [0x0000000790800000,0x0000000793d79ab8,0x0000000793d80000)
  to   space 8192K, 0% used [0x000000078ca00000,0x000000078ca00000,0x000000078d200000)
 ParOldGen       total 272384K, used 232483K [0x0000000700000000, 0x0000000710a00000, 0x0000000780000000)
  object space 272384K, 85% used [0x0000000700000000,0x000000070e308d68,0x0000000710a00000)
 Metaspace       used 9697K, capacity 10176K, committed 10368K, reserved 1058816K
  class space    used 930K, capacity 1060K, committed 1152K, reserved 1048576K
}
Event: 12.135 GC heap before
{Heap before GC invocations=18 (full 2):
 PSYoungGen      total 261632K, used 54758K [0x0000000780000000, 0x0000000793d80000, 0x00000007c0000000)
  eden space 206848K, 0% used [0x0000000780000000,0x0000000780000000,0x000000078ca00000)
  from space 54784K, 99% used [0x0000000790800000,0x0000000793d79ab8,0x0000000793d80000)
  to   space 8192K, 0% used [0x000000078ca00000,0x000000078ca00000,0x000000078d200000)
 ParOldGen       total 272384K, used 232483K [0x0000000700000000, 0x0000000710a00000, 0x0000000780000000)
  object space 272384K, 85% used [0x0000000700000000,0x000000070e308d68,0x0000000710a00000)
 Metaspace       used 9697K, capacity 10176K, committed 10368K, reserved 1058816K
  class space    used 930K, capacity 1060K, committed 1152K, reserved 1048576K
Event: 12.361 GC heap after
Heap after GC invocations=18 (full 2):
 PSYoungGen      total 261632K, used 0K [0x0000000780000000, 0x0000000793d80000, 0x00000007c0000000)
  eden space 206848K, 0% used [0x0000000780000000,0x0000000780000000,0x000000078ca00000)
  from space 54784K, 0% used [0x0000000790800000,0x0000000790800000,0x0000000793d80000)
  to   space 8192K, 0% used [0x000000078ca00000,0x000000078ca00000,0x000000078d200000)
 ParOldGen       total 272384K, used 234081K [0x0000000700000000, 0x0000000710a00000, 0x0000000780000000)
  object space 272384K, 85% used [0x0000000700000000,0x000000070e498498,0x0000000710a00000)
 Metaspace       used 9697K, capacity 10176K, committed 10368K, reserved 1058816K
  class space    used 930K, capacity 1060K, committed 1152K, reserved 1048576K
}
Event: 12.401 GC heap before
{Heap before GC invocations=19 (full 3):
 PSYoungGen      total 261632K, used 206848K [0x0000000780000000, 0x0000000793d80000, 0x00000007c0000000)
  eden space 206848K, 100% used [0x0000000780000000,0x000000078ca00000,0x000000078ca00000)
  from space 54784K, 0% used [0x0000000790800000,0x0000000790800000,0x0000000793d80000)
  to   space 8192K, 0% used [0x000000078ca00000,0x000000078ca00000,0x000000078d200000)
 ParOldGen       total 272384K, used 234081K [0x0000000700000000, 0x0000000710a00000, 0x0000000780000000)
  object space 272384K, 85% used [0x0000000700000000,0x000000070e498498,0x0000000710a00000)
 Metaspace       used 9697K, capacity 10176K, committed 10368K, reserved 1058816K
  class space    used 930K, capacity 1060K, committed 1152K, reserved 1048576K
Event: 12.930 GC heap after
Heap after GC invocations=19 (full 3):
 PSYoungGen      total 261632K, used 149135K [0x0000000780000000, 0x0000000793d80000, 0x00000007c0000000)
  eden space 206848K, 72% used [0x0000000780000000,0x00000007891a3c38,0x000000078ca00000)
  from space 54784K, 0% used [0x0000000790800000,0x0000000790800000,0x0000000793d80000)
  to   space 8192K, 0% used [0x000000078ca00000,0x000000078ca00000,0x000000078d200000)
 ParOldGen       total 272384K, used 272323K [0x0000000700000000, 0x0000000710a00000, 0x0000000780000000)
  object space 272384K, 99% used [0x0000000700000000,0x00000007109f0d28,0x0000000710a00000)
 Metaspace       used 9697K, capacity 10176K, committed 10368K, reserved 1058816K
  class space    used 930K, capacity 1060K, committed 1152K, reserved 1048576K
}

