# JRE version: OpenJDK Runtime Environment (8.0_222-b10) (build 1.8.0_222-b10)
# Java VM: OpenJDK 64-Bit Server VM (25.222-b10 mixed mode windows-amd64 compressed oops)
Heap:
 PSYoungGen      total 306176K, used 203930K [0x0000000780000000, 0x0000000798a80000, 0x00000007c0000000)
  eden space 238080K, 79% used [0x0000000780000000,0x000000078b8b9ba8,0x000000078e880000)
  from space 68096K, 21% used [0x000000078e880000,0x000000078f6eceb8,0x0000000792b00000)
  to   space 67072K, 0% used [0x0000000794900000,0x0000000794900000,0x0000000798a80000)
 ParOldGen       total 280576K, used 138431K [0x0000000700000000, 0x0000000711200000, 0x0000000780000000)
  object space 280576K, 49% used [0x0000000700000000,0x000000070872fe30,0x0000000711200000)
 Metaspace       used 9359K, capacity 9770K, committed 10112K, reserved 1058816K
  class space    used 912K, capacity 1025K, committed 1152K, reserved 1048576K
GC Heap History (10 events):
Event: 1.434 GC heap before
{Heap before GC invocations=4 (full 0):
 PSYoungGen      total 111616K, used 111600K [0x0000000780000000, 0x000000078da00000, 0x00000007c0000000)
  eden space 103424K, 100% used [0x0000000780000000,0x0000000786500000,0x0000000786500000)
  from space 8192K, 99% used [0x0000000786500000,0x0000000786cfc050,0x0000000786d00000)
  to   space 8192K, 0% used [0x000000078d200000,0x000000078d200000,0x000000078da00000)
 ParOldGen       total 136704K, used 74798K [0x0000000700000000, 0x0000000708580000, 0x0000000780000000)
  object space 136704K, 54% used [0x0000000700000000,0x000000070490bb70,0x0000000708580000)
 Metaspace       used 5452K, capacity 5654K, committed 5888K, reserved 1056768K
  class space    used 590K, capacity 673K, committed 768K, reserved 1048576K
Event: 1.470 GC heap after
Heap after GC invocations=4 (full 0):
 PSYoungGen      total 215040K, used 8160K [0x0000000780000000, 0x000000078da00000, 0x00000007c0000000)
  eden space 206848K, 0% used [0x0000000780000000,0x0000000780000000,0x000000078ca00000)
  from space 8192K, 99% used [0x000000078d200000,0x000000078d9f8050,0x000000078da00000)
  to   space 8192K, 0% used [0x000000078ca00000,0x000000078ca00000,0x000000078d200000)
 ParOldGen       total 136704K, used 123045K [0x0000000700000000, 0x0000000708580000, 0x0000000780000000)
  object space 136704K, 90% used [0x0000000700000000,0x0000000707829400,0x0000000708580000)
 Metaspace       used 5452K, capacity 5654K, committed 5888K, reserved 1056768K
  class space    used 590K, capacity 673K, committed 768K, reserved 1048576K
}
Event: 1.470 GC heap before
{Heap before GC invocations=5 (full 1):
 PSYoungGen      total 215040K, used 8160K [0x0000000780000000, 0x000000078da00000, 0x00000007c0000000)
  eden space 206848K, 0% used [0x0000000780000000,0x0000000780000000,0x000000078ca00000)
  from space 8192K, 99% used [0x000000078d200000,0x000000078d9f8050,0x000000078da00000)
  to   space 8192K, 0% used [0x000000078ca00000,0x000000078ca00000,0x000000078d200000)
 ParOldGen       total 136704K, used 123045K [0x0000000700000000, 0x0000000708580000, 0x0000000780000000)
  object space 136704K, 90% used [0x0000000700000000,0x0000000707829400,0x0000000708580000)
 Metaspace       used 5452K, capacity 5654K, committed 5888K, reserved 1056768K
  class space    used 590K, capacity 673K, committed 768K, reserved 1048576K
Event: 1.928 GC heap after
Heap after GC invocations=5 (full 1):
 PSYoungGen      total 215040K, used 0K [0x0000000780000000, 0x000000078da00000, 0x00000007c0000000)
  eden space 206848K, 0% used [0x0000000780000000,0x0000000780000000,0x000000078ca00000)
  from space 8192K, 0% used [0x000000078d200000,0x000000078d200000,0x000000078da00000)
  to   space 8192K, 0% used [0x000000078ca00000,0x000000078ca00000,0x000000078d200000)
 ParOldGen       total 280576K, used 128241K [0x0000000700000000, 0x0000000711200000, 0x0000000780000000)
  object space 280576K, 45% used [0x0000000700000000,0x0000000707d3c728,0x0000000711200000)
 Metaspace       used 5452K, capacity 5654K, committed 5888K, reserved 1056768K
  class space    used 590K, capacity 673K, committed 768K, reserved 1048576K
}
Event: 4.494 GC heap before
{Heap before GC invocations=6 (full 1):
 PSYoungGen      total 215040K, used 206848K [0x0000000780000000, 0x000000078da00000, 0x00000007c0000000)
  eden space 206848K, 100% used [0x0000000780000000,0x000000078ca00000,0x000000078ca00000)
  from space 8192K, 0% used [0x000000078d200000,0x000000078d200000,0x000000078da00000)
  to   space 8192K, 0% used [0x000000078ca00000,0x000000078ca00000,0x000000078d200000)
 ParOldGen       total 280576K, used 128241K [0x0000000700000000, 0x0000000711200000, 0x0000000780000000)
  object space 280576K, 45% used [0x0000000700000000,0x0000000707d3c728,0x0000000711200000)
 Metaspace       used 9079K, capacity 9482K, committed 9728K, reserved 1058816K
  class space    used 901K, capacity 1019K, committed 1024K, reserved 1048576K
Event: 4.511 GC heap after
Heap after GC invocations=6 (full 1):
 PSYoungGen      total 215040K, used 8179K [0x0000000780000000, 0x0000000797480000, 0x00000007c0000000)
  eden space 206848K, 0% used [0x0000000780000000,0x0000000780000000,0x000000078ca00000)
  from space 8192K, 99% used [0x000000078ca00000,0x000000078d1fceb8,0x000000078d200000)
  to   space 68096K, 0% used [0x0000000793200000,0x0000000793200000,0x0000000797480000)
 ParOldGen       total 280576K, used 138423K [0x0000000700000000, 0x0000000711200000, 0x0000000780000000)
  object space 280576K, 49% used [0x0000000700000000,0x000000070872de30,0x0000000711200000)
 Metaspace       used 9079K, capacity 9482K, committed 9728K, reserved 1058816K
  class space    used 901K, capacity 1019K, committed 1024K, reserved 1048576K
}
Event: 5.955 GC heap before
{Heap before GC invocations=7 (full 1):
 PSYoungGen      total 215040K, used 215027K [0x0000000780000000, 0x0000000797480000, 0x00000007c0000000)
  eden space 206848K, 100% used [0x0000000780000000,0x000000078ca00000,0x000000078ca00000)
  from space 8192K, 99% used [0x000000078ca00000,0x000000078d1fceb8,0x000000078d200000)
  to   space 68096K, 0% used [0x0000000793200000,0x0000000793200000,0x0000000797480000)
 ParOldGen       total 280576K, used 138423K [0x0000000700000000, 0x0000000711200000, 0x0000000780000000)
  object space 280576K, 49% used [0x0000000700000000,0x000000070872de30,0x0000000711200000)
 Metaspace       used 9185K, capacity 9554K, committed 9728K, reserved 1058816K
  class space    used 901K, capacity 1019K, committed 1024K, reserved 1048576K
Event: 5.966 GC heap after
Heap after GC invocations=7 (full 1):
 PSYoungGen      total 299008K, used 12851K [0x0000000780000000, 0x0000000796d80000, 0x00000007c0000000)
  eden space 238080K, 0% used [0x0000000780000000,0x0000000780000000,0x000000078e880000)
  from space 60928K, 21% used [0x0000000793200000,0x0000000793e8ceb8,0x0000000796d80000)
  to   space 68096K, 0% used [0x000000078e880000,0x000000078e880000,0x0000000792b00000)
 ParOldGen       total 280576K, used 138431K [0x0000000700000000, 0x0000000711200000, 0x0000000780000000)
  object space 280576K, 49% used [0x0000000700000000,0x000000070872fe30,0x0000000711200000)
 Metaspace       used 9185K, capacity 9554K, committed 9728K, reserved 1058816K
  class space    used 901K, capacity 1019K, committed 1024K, reserved 1048576K
}
Event: 6.812 GC heap before
{Heap before GC invocations=8 (full 1):
 PSYoungGen      total 299008K, used 250931K [0x0000000780000000, 0x0000000796d80000, 0x00000007c0000000)
  eden space 238080K, 100% used [0x0000000780000000,0x000000078e880000,0x000000078e880000)
  from space 60928K, 21% used [0x0000000793200000,0x0000000793e8ceb8,0x0000000796d80000)
  to   space 68096K, 0% used [0x000000078e880000,0x000000078e880000,0x0000000792b00000)
 ParOldGen       total 280576K, used 138431K [0x0000000700000000, 0x0000000711200000, 0x0000000780000000)
  object space 280576K, 49% used [0x0000000700000000,0x000000070872fe30,0x0000000711200000)
 Metaspace       used 9257K, capacity 9682K, committed 9728K, reserved 1058816K
  class space    used 902K, capacity 1019K, committed 1024K, reserved 1048576K
Event: 6.828 GC heap after
Heap after GC invocations=8 (full 1):
 PSYoungGen      total 306176K, used 14771K [0x0000000780000000, 0x0000000798a80000, 0x00000007c0000000)
  eden space 238080K, 0% used [0x0000000780000000,0x0000000780000000,0x000000078e880000)
  from space 68096K, 21% used [0x000000078e880000,0x000000078f6eceb8,0x0000000792b00000)
  to   space 67072K, 0% used [0x0000000794900000,0x0000000794900000,0x0000000798a80000)
 ParOldGen       total 280576K, used 138431K [0x0000000700000000, 0x0000000711200000, 0x0000000780000000)
  object space 280576K, 49% used [0x0000000700000000,0x000000070872fe30,0x0000000711200000)
 Metaspace       used 9257K, capacity 9682K, committed 9728K, reserved 1058816K
  class space    used 902K, capacity 1019K, committed 1024K, reserved 1048576K
}

